<?xml version="1.0" encoding="UTF-8"?>
<testng-results ignored="0" total="3" passed="3" failed="0" skipped="0">
  <reporter-output>
  </reporter-output>
  <suite started-at="2025-01-27T16:39:18 IST" name="Cross Browser suite" finished-at="2025-01-27T16:39:57 IST" duration-ms="39595">
    <groups>
    </groups>
    <test started-at="2025-01-27T16:39:18 IST" name="ChromeTest" finished-at="2025-01-27T16:39:53 IST" duration-ms="35428">
      <class name="com.qapitol.testcases.SearchTest">
        <test-method is-config="true" signature="openBrowser(java.lang.String)[pri:0, instance:com.qapitol.testcases.SearchTest@63798ca7]" started-at="2025-01-27T16:39:18 IST" name="openBrowser" finished-at="2025-01-27T16:39:26 IST" duration-ms="8024" status="PASS">
          <params>
            <param index="0">
              <value>
                <![CDATA[chrome]]>
              </value>
            </param>
          </params>
          <reporter-output>
          </reporter-output>
        </test-method> <!-- openBrowser -->
        <test-method signature="search()[pri:0, instance:com.qapitol.testcases.SearchTest@63798ca7]" started-at="2025-01-27T16:39:26 IST" name="search" finished-at="2025-01-27T16:39:53 IST" duration-ms="26416" status="PASS">
          <reporter-output>
          </reporter-output>
        </test-method> <!-- search -->
        <test-method is-config="true" signature="closeBrowser()[pri:0, instance:com.qapitol.testcases.SearchTest@63798ca7]" started-at="2025-01-27T16:39:53 IST" name="closeBrowser" finished-at="2025-01-27T16:39:53 IST" duration-ms="529" status="PASS">
          <reporter-output>
          </reporter-output>
        </test-method> <!-- closeBrowser -->
      </class> <!-- com.qapitol.testcases.SearchTest -->
    </test> <!-- ChromeTest -->
    <test started-at="2025-01-27T16:39:18 IST" name="EdgeTest" finished-at="2025-01-27T16:39:55 IST" duration-ms="37235">
      <class name="com.qapitol.testcases.SearchTest">
        <test-method is-config="true" signature="openBrowser(java.lang.String)[pri:0, instance:com.qapitol.testcases.SearchTest@4b6690c0]" started-at="2025-01-27T16:39:18 IST" name="openBrowser" finished-at="2025-01-27T16:39:27 IST" duration-ms="9413" status="PASS">
          <params>
            <param index="0">
              <value>
                <![CDATA[edge]]>
              </value>
            </param>
          </params>
          <reporter-output>
          </reporter-output>
        </test-method> <!-- openBrowser -->
        <test-method signature="search()[pri:0, instance:com.qapitol.testcases.SearchTest@4b6690c0]" started-at="2025-01-27T16:39:27 IST" name="search" finished-at="2025-01-27T16:39:53 IST" duration-ms="25899" status="PASS">
          <reporter-output>
          </reporter-output>
        </test-method> <!-- search -->
        <test-method is-config="true" signature="closeBrowser()[pri:0, instance:com.qapitol.testcases.SearchTest@4b6690c0]" started-at="2025-01-27T16:39:53 IST" name="closeBrowser" finished-at="2025-01-27T16:39:55 IST" duration-ms="1556" status="PASS">
          <reporter-output>
          </reporter-output>
        </test-method> <!-- closeBrowser -->
      </class> <!-- com.qapitol.testcases.SearchTest -->
    </test> <!-- EdgeTest -->
    <test started-at="2025-01-27T16:39:18 IST" name="FirefoxTest" finished-at="2025-01-27T16:39:57 IST" duration-ms="39595">
      <class name="com.qapitol.testcases.SearchTest">
        <test-method is-config="true" signature="openBrowser(java.lang.String)[pri:0, instance:com.qapitol.testcases.SearchTest@2a76840c]" started-at="2025-01-27T16:39:18 IST" name="openBrowser" finished-at="2025-01-27T16:39:30 IST" duration-ms="11578" status="PASS">
          <params>
            <param index="0">
              <value>
                <![CDATA[firefox]]>
              </value>
            </param>
          </params>
          <reporter-output>
          </reporter-output>
        </test-method> <!-- openBrowser -->
        <test-method signature="search()[pri:0, instance:com.qapitol.testcases.SearchTest@2a76840c]" started-at="2025-01-27T16:39:30 IST" name="search" finished-at="2025-01-27T16:39:56 IST" duration-ms="26394" status="PASS">
          <reporter-output>
          </reporter-output>
        </test-method> <!-- search -->
        <test-method is-config="true" signature="closeBrowser()[pri:0, instance:com.qapitol.testcases.SearchTest@2a76840c]" started-at="2025-01-27T16:39:56 IST" name="closeBrowser" finished-at="2025-01-27T16:39:57 IST" duration-ms="1252" status="PASS">
          <reporter-output>
          </reporter-output>
        </test-method> <!-- closeBrowser -->
      </class> <!-- com.qapitol.testcases.SearchTest -->
    </test> <!-- FirefoxTest -->
  </suite> <!-- Cross Browser suite -->
</testng-results>
