<?xml version="1.0" encoding="UTF-8"?>
<testng-results ignored="0" total="3" passed="3" failed="0" skipped="0">
  <reporter-output>
  </reporter-output>
  <suite started-at="2024-11-14T09:57:54 IST" name="Cross Browser suite" finished-at="2024-11-14T09:58:41 IST" duration-ms="47316">
    <groups>
    </groups>
    <test started-at="2024-11-14T09:57:54 IST" name="ChromeTest" finished-at="2024-11-14T09:58:09 IST" duration-ms="15079">
      <class name="com.qapitol.testcases.SearchTest">
        <test-method is-config="true" signature="openBrowser(java.lang.String)[pri:0, instance:com.qapitol.testcases.SearchTest@1c1bbc4e]" started-at="2024-11-14T09:57:54 IST" name="openBrowser" finished-at="2024-11-14T09:57:57 IST" duration-ms="2793" status="PASS">
          <params>
            <param index="0">
              <value>
                <![CDATA[chrome]]>
              </value>
            </param>
          </params>
          <reporter-output>
          </reporter-output>
        </test-method> <!-- openBrowser -->
        <test-method signature="search()[pri:0, instance:com.qapitol.testcases.SearchTest@1c1bbc4e]" started-at="2024-11-14T09:57:57 IST" name="search" finished-at="2024-11-14T09:58:09 IST" duration-ms="12255" status="PASS">
          <reporter-output>
          </reporter-output>
        </test-method> <!-- search -->
      </class> <!-- com.qapitol.testcases.SearchTest -->
    </test> <!-- ChromeTest -->
    <test started-at="2024-11-14T09:58:09 IST" name="EdgeTest" finished-at="2024-11-14T09:58:25 IST" duration-ms="16235">
      <class name="com.qapitol.testcases.SearchTest">
        <test-method is-config="true" signature="openBrowser(java.lang.String)[pri:0, instance:com.qapitol.testcases.SearchTest@7530ad9c]" started-at="2024-11-14T09:58:09 IST" name="openBrowser" finished-at="2024-11-14T09:58:13 IST" duration-ms="4163" status="PASS">
          <params>
            <param index="0">
              <value>
                <![CDATA[edge]]>
              </value>
            </param>
          </params>
          <reporter-output>
          </reporter-output>
        </test-method> <!-- openBrowser -->
        <test-method signature="search()[pri:0, instance:com.qapitol.testcases.SearchTest@7530ad9c]" started-at="2024-11-14T09:58:13 IST" name="search" finished-at="2024-11-14T09:58:25 IST" duration-ms="12042" status="PASS">
          <reporter-output>
          </reporter-output>
        </test-method> <!-- search -->
      </class> <!-- com.qapitol.testcases.SearchTest -->
    </test> <!-- EdgeTest -->
    <test started-at="2024-11-14T09:58:25 IST" name="FirefoxTest" finished-at="2024-11-14T09:58:41 IST" duration-ms="15952">
      <class name="com.qapitol.testcases.SearchTest">
        <test-method is-config="true" signature="openBrowser(java.lang.String)[pri:0, instance:com.qapitol.testcases.SearchTest@71e9ddb4]" started-at="2024-11-14T09:58:25 IST" name="openBrowser" finished-at="2024-11-14T09:58:30 IST" duration-ms="4483" status="PASS">
          <params>
            <param index="0">
              <value>
                <![CDATA[firefox]]>
              </value>
            </param>
          </params>
          <reporter-output>
          </reporter-output>
        </test-method> <!-- openBrowser -->
        <test-method signature="search()[pri:0, instance:com.qapitol.testcases.SearchTest@71e9ddb4]" started-at="2024-11-14T09:58:30 IST" name="search" finished-at="2024-11-14T09:58:41 IST" duration-ms="11469" status="PASS">
          <reporter-output>
          </reporter-output>
        </test-method> <!-- search -->
      </class> <!-- com.qapitol.testcases.SearchTest -->
    </test> <!-- FirefoxTest -->
  </suite> <!-- Cross Browser suite -->
</testng-results>
