<?xml version="1.0" encoding="UTF-8"?>
<!-- Generated by org.testng.reporters.JUnitXMLReporter -->
<testsuite ignored="0" hostname="DESKTOP-VQPVIM5" failures="0" tests="3" name="Test" time="18.081" errors="0" timestamp="2024-11-14T10:12:17 IST">
  <testcase classname="com.qapitol.gridExecution.GridExecution" name="Test3" time="13.429"/>
  <testcase classname="com.qapitol.gridExecution.GridExecution" name="Test1" time="16.796"/>
  <testcase classname="com.qapitol.gridExecution.GridExecution" name="Test2" time="18.036"/>
</testsuite> <!-- Test -->
