<?xml version="1.0" encoding="UTF-8"?>
<!-- Generated by org.testng.reporters.JUnitXMLReporter -->
<testsuite ignored="0" hostname="DESKTOP-VQPVIM5" failures="0" tests="3" name="Test" time="15.585" errors="0" timestamp="2024-11-13T14:14:15 IST">
  <testcase classname="qapitol.SeleniumGrid.GridExecution" name="Test3" time="13.626"/>
  <testcase classname="qapitol.SeleniumGrid.GridExecution" name="Test1" time="13.89"/>
  <testcase classname="qapitol.SeleniumGrid.GridExecution" name="Test2" time="15.514"/>
</testsuite> <!-- Test -->
