<?xml version="1.0" encoding="UTF-8"?>
<testng-results ignored="0" total="1" passed="1" failed="0" skipped="0">
  <reporter-output>
  </reporter-output>
  <suite started-at="2024-12-03T16:27:29 IST" name="Default suite" finished-at="2024-12-03T16:27:29 IST" duration-ms="48">
    <groups>
    </groups>
    <test started-at="2024-12-03T16:27:29 IST" name="Default test" finished-at="2024-12-03T16:27:29 IST" duration-ms="48">
      <class name="com.appiumbrowser.test.BrowserTest">
        <test-method is-config="true" signature="startExecution()[pri:0, instance:com.appiumbrowser.test.BrowserTest@236e3f4e]" started-at="2024-12-03T16:27:13 IST" name="startExecution" finished-at="2024-12-03T16:27:29 IST" duration-ms="15961" status="PASS">
          <reporter-output>
          </reporter-output>
        </test-method> <!-- startExecution -->
        <test-method signature="browser()[pri:0, instance:com.appiumbrowser.test.BrowserTest@236e3f4e]" started-at="2024-12-03T16:27:29 IST" name="browser" finished-at="2024-12-03T16:27:29 IST" duration-ms="4" status="PASS">
          <reporter-output>
          </reporter-output>
        </test-method> <!-- browser -->
      </class> <!-- com.appiumbrowser.test.BrowserTest -->
    </test> <!-- Default test -->
  </suite> <!-- Default suite -->
</testng-results>
