<?xml version="1.0" encoding="UTF-8"?>
<testng-results ignored="0" total="1" passed="1" failed="0" skipped="0">
  <reporter-output>
  </reporter-output>
  <suite started-at="2024-11-23T12:36:00 IST" name="Default suite" finished-at="2024-11-23T12:36:10 IST" duration-ms="10275">
    <groups>
    </groups>
    <test started-at="2024-11-23T12:36:00 IST" name="Default test" finished-at="2024-11-23T12:36:10 IST" duration-ms="10275">
      <class name="com.qapitol.Calculator.Calculator">
        <test-method signature="openCalculator()[pri:0, instance:com.qapitol.Calculator.Calculator@37883b97]" started-at="2024-11-23T12:36:00 IST" name="openCalculator" finished-at="2024-11-23T12:36:10 IST" duration-ms="10226" status="PASS">
          <reporter-output>
          </reporter-output>
        </test-method> <!-- openCalculator -->
      </class> <!-- com.qapitol.Calculator.Calculator -->
    </test> <!-- Default test -->
  </suite> <!-- Default suite -->
</testng-results>
