<?xml version="1.0" encoding="UTF-8"?>
<testng-results ignored="0" total="16" passed="16" failed="0" skipped="0">
  <reporter-output>
  </reporter-output>
  <suite started-at="2024-12-19T15:08:58 IST" name="Default suite" finished-at="2024-12-19T15:09:17 IST" duration-ms="19426">
    <groups>
    </groups>
    <test started-at="2024-12-19T15:08:58 IST" name="Default test" finished-at="2024-12-19T15:09:17 IST" duration-ms="19426">
      <class name="com.restassuredframework.testcases.UserTest">
        <test-method is-config="true" signature="setup()[pri:0, instance:com.restassuredframework.testcases.UserTest@41a2befb]" started-at="2024-12-19T15:08:58 IST" name="setup" finished-at="2024-12-19T15:08:58 IST" duration-ms="47" status="PASS">
          <reporter-output>
          </reporter-output>
        </test-method> <!-- setup -->
        <test-method signature="verifyCreateUser(com.restassuredframework.payload.User)[pri:1, instance:com.restassuredframework.testcases.UserTest@41a2befb]" started-at="2024-12-19T15:08:58 IST" name="verifyCreateUser" data-provider="scenario1" finished-at="2024-12-19T15:09:01 IST" duration-ms="2914" status="PASS">
          <params>
            <param index="0">
              <value>
                <![CDATA[User [id=1, username=user1, firstName=vw f, lastName=d sfvsd, email=abc@gmail.com, password=123, phone=987654322, userStatus=1]]]>
              </value>
            </param>
          </params>
          <reporter-output>
          </reporter-output>
        </test-method> <!-- verifyCreateUser -->
        <test-method signature="verifyCreateUser(com.restassuredframework.payload.User)[pri:1, instance:com.restassuredframework.testcases.UserTest@41a2befb]" started-at="2024-12-19T15:09:01 IST" name="verifyCreateUser" data-provider="scenario1" finished-at="2024-12-19T15:09:02 IST" duration-ms="1093" status="PASS">
          <params>
            <param index="0">
              <value>
                <![CDATA[User [id=2, username=user2, firstName=vw f, lastName=d sfvsd, email=abc@gmail.com, password=123, phone=987654322, userStatus=1]]]>
              </value>
            </param>
          </params>
          <reporter-output>
          </reporter-output>
        </test-method> <!-- verifyCreateUser -->
        <test-method signature="verifyCreateUser(com.restassuredframework.payload.User)[pri:1, instance:com.restassuredframework.testcases.UserTest@41a2befb]" started-at="2024-12-19T15:09:02 IST" name="verifyCreateUser" data-provider="scenario1" finished-at="2024-12-19T15:09:03 IST" duration-ms="1383" status="PASS">
          <params>
            <param index="0">
              <value>
                <![CDATA[User [id=3, username=user3, firstName=vw f, lastName=d sfvsd, email=abc@gmail.com, password=123, phone=987654322, userStatus=1]]]>
              </value>
            </param>
          </params>
          <reporter-output>
          </reporter-output>
        </test-method> <!-- verifyCreateUser -->
        <test-method signature="verifyCreateUser(com.restassuredframework.payload.User)[pri:1, instance:com.restassuredframework.testcases.UserTest@41a2befb]" started-at="2024-12-19T15:09:03 IST" name="verifyCreateUser" data-provider="scenario1" finished-at="2024-12-19T15:09:05 IST" duration-ms="1063" status="PASS">
          <params>
            <param index="0">
              <value>
                <![CDATA[User [id=4, username=user4, firstName=vw f, lastName=d sfvsd, email=abc@gmail.com, password=123, phone=987654322, userStatus=1]]]>
              </value>
            </param>
          </params>
          <reporter-output>
          </reporter-output>
        </test-method> <!-- verifyCreateUser -->
        <test-method signature="verifyGetUserByUsername(com.restassuredframework.payload.User)[pri:2, instance:com.restassuredframework.testcases.UserTest@41a2befb]" started-at="2024-12-19T15:09:05 IST" name="verifyGetUserByUsername" data-provider="scenario1" finished-at="2024-12-19T15:09:05 IST" duration-ms="926" status="PASS">
          <params>
            <param index="0">
              <value>
                <![CDATA[User [id=1, username=user1, firstName=vw f, lastName=d sfvsd, email=abc@gmail.com, password=123, phone=987654322, userStatus=1]]]>
              </value>
            </param>
          </params>
          <reporter-output>
          </reporter-output>
        </test-method> <!-- verifyGetUserByUsername -->
        <test-method signature="verifyGetUserByUsername(com.restassuredframework.payload.User)[pri:2, instance:com.restassuredframework.testcases.UserTest@41a2befb]" started-at="2024-12-19T15:09:05 IST" name="verifyGetUserByUsername" data-provider="scenario1" finished-at="2024-12-19T15:09:07 IST" duration-ms="1116" status="PASS">
          <params>
            <param index="0">
              <value>
                <![CDATA[User [id=2, username=user2, firstName=vw f, lastName=d sfvsd, email=abc@gmail.com, password=123, phone=987654322, userStatus=1]]]>
              </value>
            </param>
          </params>
          <reporter-output>
          </reporter-output>
        </test-method> <!-- verifyGetUserByUsername -->
        <test-method signature="verifyGetUserByUsername(com.restassuredframework.payload.User)[pri:2, instance:com.restassuredframework.testcases.UserTest@41a2befb]" started-at="2024-12-19T15:09:07 IST" name="verifyGetUserByUsername" data-provider="scenario1" finished-at="2024-12-19T15:09:07 IST" duration-ms="915" status="PASS">
          <params>
            <param index="0">
              <value>
                <![CDATA[User [id=3, username=user3, firstName=vw f, lastName=d sfvsd, email=abc@gmail.com, password=123, phone=987654322, userStatus=1]]]>
              </value>
            </param>
          </params>
          <reporter-output>
          </reporter-output>
        </test-method> <!-- verifyGetUserByUsername -->
        <test-method signature="verifyGetUserByUsername(com.restassuredframework.payload.User)[pri:2, instance:com.restassuredframework.testcases.UserTest@41a2befb]" started-at="2024-12-19T15:09:07 IST" name="verifyGetUserByUsername" data-provider="scenario1" finished-at="2024-12-19T15:09:09 IST" duration-ms="1051" status="PASS">
          <params>
            <param index="0">
              <value>
                <![CDATA[User [id=4, username=user4, firstName=vw f, lastName=d sfvsd, email=abc@gmail.com, password=123, phone=987654322, userStatus=1]]]>
              </value>
            </param>
          </params>
          <reporter-output>
          </reporter-output>
        </test-method> <!-- verifyGetUserByUsername -->
        <test-method signature="verifyUpdateUserByUsername(com.restassuredframework.payload.User)[pri:3, instance:com.restassuredframework.testcases.UserTest@41a2befb]" started-at="2024-12-19T15:09:09 IST" name="verifyUpdateUserByUsername" data-provider="scenario1" finished-at="2024-12-19T15:09:10 IST" duration-ms="1260" status="PASS">
          <params>
            <param index="0">
              <value>
                <![CDATA[User [id=1, username=user1, firstName=vw f, lastName=d sfvsd, email=abc@gmail.com, password=123, phone=987654322, userStatus=1]]]>
              </value>
            </param>
          </params>
          <reporter-output>
          </reporter-output>
        </test-method> <!-- verifyUpdateUserByUsername -->
        <test-method signature="verifyUpdateUserByUsername(com.restassuredframework.payload.User)[pri:3, instance:com.restassuredframework.testcases.UserTest@41a2befb]" started-at="2024-12-19T15:09:10 IST" name="verifyUpdateUserByUsername" data-provider="scenario1" finished-at="2024-12-19T15:09:11 IST" duration-ms="1019" status="PASS">
          <params>
            <param index="0">
              <value>
                <![CDATA[User [id=2, username=user2, firstName=vw f, lastName=d sfvsd, email=abc@gmail.com, password=123, phone=987654322, userStatus=1]]]>
              </value>
            </param>
          </params>
          <reporter-output>
          </reporter-output>
        </test-method> <!-- verifyUpdateUserByUsername -->
        <test-method signature="verifyUpdateUserByUsername(com.restassuredframework.payload.User)[pri:3, instance:com.restassuredframework.testcases.UserTest@41a2befb]" started-at="2024-12-19T15:09:11 IST" name="verifyUpdateUserByUsername" data-provider="scenario1" finished-at="2024-12-19T15:09:12 IST" duration-ms="991" status="PASS">
          <params>
            <param index="0">
              <value>
                <![CDATA[User [id=3, username=user3, firstName=vw f, lastName=d sfvsd, email=abc@gmail.com, password=123, phone=987654322, userStatus=1]]]>
              </value>
            </param>
          </params>
          <reporter-output>
          </reporter-output>
        </test-method> <!-- verifyUpdateUserByUsername -->
        <test-method signature="verifyUpdateUserByUsername(com.restassuredframework.payload.User)[pri:3, instance:com.restassuredframework.testcases.UserTest@41a2befb]" started-at="2024-12-19T15:09:12 IST" name="verifyUpdateUserByUsername" data-provider="scenario1" finished-at="2024-12-19T15:09:13 IST" duration-ms="1070" status="PASS">
          <params>
            <param index="0">
              <value>
                <![CDATA[User [id=4, username=user4, firstName=vw f, lastName=d sfvsd, email=abc@gmail.com, password=123, phone=987654322, userStatus=1]]]>
              </value>
            </param>
          </params>
          <reporter-output>
          </reporter-output>
        </test-method> <!-- verifyUpdateUserByUsername -->
        <test-method signature="verifyDeleteUser(com.restassuredframework.payload.User)[pri:4, instance:com.restassuredframework.testcases.UserTest@41a2befb]" started-at="2024-12-19T15:09:13 IST" name="verifyDeleteUser" data-provider="scenario1" finished-at="2024-12-19T15:09:14 IST" duration-ms="999" status="PASS">
          <params>
            <param index="0">
              <value>
                <![CDATA[User [id=1, username=user1, firstName=vw f, lastName=d sfvsd, email=abc@gmail.com, password=123, phone=987654322, userStatus=1]]]>
              </value>
            </param>
          </params>
          <reporter-output>
          </reporter-output>
        </test-method> <!-- verifyDeleteUser -->
        <test-method signature="verifyDeleteUser(com.restassuredframework.payload.User)[pri:4, instance:com.restassuredframework.testcases.UserTest@41a2befb]" started-at="2024-12-19T15:09:14 IST" name="verifyDeleteUser" data-provider="scenario1" finished-at="2024-12-19T15:09:15 IST" duration-ms="1037" status="PASS">
          <params>
            <param index="0">
              <value>
                <![CDATA[User [id=2, username=user2, firstName=vw f, lastName=d sfvsd, email=abc@gmail.com, password=123, phone=987654322, userStatus=1]]]>
              </value>
            </param>
          </params>
          <reporter-output>
          </reporter-output>
        </test-method> <!-- verifyDeleteUser -->
        <test-method signature="verifyDeleteUser(com.restassuredframework.payload.User)[pri:4, instance:com.restassuredframework.testcases.UserTest@41a2befb]" started-at="2024-12-19T15:09:15 IST" name="verifyDeleteUser" data-provider="scenario1" finished-at="2024-12-19T15:09:16 IST" duration-ms="1246" status="PASS">
          <params>
            <param index="0">
              <value>
                <![CDATA[User [id=3, username=user3, firstName=vw f, lastName=d sfvsd, email=abc@gmail.com, password=123, phone=987654322, userStatus=1]]]>
              </value>
            </param>
          </params>
          <reporter-output>
          </reporter-output>
        </test-method> <!-- verifyDeleteUser -->
        <test-method signature="verifyDeleteUser(com.restassuredframework.payload.User)[pri:4, instance:com.restassuredframework.testcases.UserTest@41a2befb]" started-at="2024-12-19T15:09:16 IST" name="verifyDeleteUser" data-provider="scenario1" finished-at="2024-12-19T15:09:17 IST" duration-ms="948" status="PASS">
          <params>
            <param index="0">
              <value>
                <![CDATA[User [id=4, username=user4, firstName=vw f, lastName=d sfvsd, email=abc@gmail.com, password=123, phone=987654322, userStatus=1]]]>
              </value>
            </param>
          </params>
          <reporter-output>
          </reporter-output>
        </test-method> <!-- verifyDeleteUser -->
      </class> <!-- com.restassuredframework.testcases.UserTest -->
    </test> <!-- Default test -->
  </suite> <!-- Default suite -->
</testng-results>
