<?xml version="1.0" encoding="UTF-8"?>
<testng-results ignored="0" total="1" passed="1" failed="0" skipped="0">
  <reporter-output>
  </reporter-output>
  <suite started-at="2024-11-28T09:55:46 IST" name="Default suite" finished-at="2024-11-28T09:56:11 IST" duration-ms="24655">
    <groups>
    </groups>
    <test started-at="2024-11-28T09:55:46 IST" name="Default test" finished-at="2024-11-28T09:56:11 IST" duration-ms="24655">
      <class name="com.qapitol.myntra.testcases.AddToCart">
        <test-method is-config="true" signature="emulatorSetup()[pri:0, instance:com.qapitol.myntra.testcases.AddToCart@3bf7ca37]" started-at="2024-11-28T09:55:46 IST" name="emulatorSetup" finished-at="2024-11-28T09:56:00 IST" duration-ms="14154" status="PASS">
          <reporter-output>
          </reporter-output>
        </test-method> <!-- emulatorSetup -->
        <test-method signature="addToCart()[pri:0, instance:com.qapitol.myntra.testcases.AddToCart@3bf7ca37]" started-at="2024-11-28T09:56:00 IST" name="addToCart" finished-at="2024-11-28T09:56:11 IST" duration-ms="10439" status="PASS">
          <reporter-output>
          </reporter-output>
        </test-method> <!-- addToCart -->
      </class> <!-- com.qapitol.myntra.testcases.AddToCart -->
    </test> <!-- Default test -->
  </suite> <!-- Default suite -->
</testng-results>
