<?xml version="1.0" encoding="UTF-8"?>
<testng-results ignored="0" total="3" passed="3" failed="0" skipped="0">
  <reporter-output>
  </reporter-output>
  <suite started-at="2024-11-13T14:14:00 IST" name="Suite" finished-at="2024-11-13T14:14:15 IST" duration-ms="15585">
    <groups>
    </groups>
    <test started-at="2024-11-13T14:14:00 IST" name="Test" finished-at="2024-11-13T14:14:15 IST" duration-ms="15585">
      <class name="qapitol.SeleniumGrid.GridExecution">
        <test-method signature="Test1()[pri:0, instance:qapitol.SeleniumGrid.GridExecution@5542c4ed]" started-at="2024-11-13T14:14:00 IST" name="Test1" finished-at="2024-11-13T14:14:14 IST" duration-ms="13890" status="PASS">
          <reporter-output>
          </reporter-output>
        </test-method> <!-- Test1 -->
        <test-method signature="Test2()[pri:0, instance:qapitol.SeleniumGrid.GridExecution@5542c4ed]" started-at="2024-11-13T14:14:00 IST" name="Test2" finished-at="2024-11-13T14:14:15 IST" duration-ms="15514" status="PASS">
          <reporter-output>
          </reporter-output>
        </test-method> <!-- Test2 -->
        <test-method signature="Test3()[pri:0, instance:qapitol.SeleniumGrid.GridExecution@5542c4ed]" started-at="2024-11-13T14:14:00 IST" name="Test3" finished-at="2024-11-13T14:14:13 IST" duration-ms="13626" status="PASS">
          <reporter-output>
          </reporter-output>
        </test-method> <!-- Test3 -->
      </class> <!-- qapitol.SeleniumGrid.GridExecution -->
    </test> <!-- Test -->
  </suite> <!-- Suite -->
</testng-results>
