<?xml version="1.0" encoding="UTF-8"?>
<testng-results ignored="0" total="3" passed="3" failed="0" skipped="0">
  <reporter-output>
  </reporter-output>
  <suite started-at="2024-11-14T10:11:59 IST" name="Suite" finished-at="2024-11-14T10:12:17 IST" duration-ms="18081">
    <groups>
    </groups>
    <test started-at="2024-11-14T10:11:59 IST" name="Test" finished-at="2024-11-14T10:12:17 IST" duration-ms="18081">
      <class name="com.qapitol.gridExecution.GridExecution">
        <test-method signature="Test2()[pri:0, instance:com.qapitol.gridExecution.GridExecution@62379589]" started-at="2024-11-14T10:11:59 IST" name="Test2" finished-at="2024-11-14T10:12:17 IST" duration-ms="18036" status="PASS">
          <reporter-output>
          </reporter-output>
        </test-method> <!-- Test2 -->
        <test-method signature="Test3()[pri:0, instance:com.qapitol.gridExecution.GridExecution@62379589]" started-at="2024-11-14T10:11:59 IST" name="Test3" finished-at="2024-11-14T10:12:12 IST" duration-ms="13429" status="PASS">
          <reporter-output>
          </reporter-output>
        </test-method> <!-- Test3 -->
        <test-method signature="Test1()[pri:0, instance:com.qapitol.gridExecution.GridExecution@62379589]" started-at="2024-11-14T10:11:59 IST" name="Test1" finished-at="2024-11-14T10:12:16 IST" duration-ms="16796" status="PASS">
          <reporter-output>
          </reporter-output>
        </test-method> <!-- Test1 -->
      </class> <!-- com.qapitol.gridExecution.GridExecution -->
    </test> <!-- Test -->
  </suite> <!-- Suite -->
</testng-results>
