<?xml version="1.0" encoding="UTF-8"?>
<testng-results ignored="0" total="1" passed="1" failed="0" skipped="0">
  <reporter-output>
  </reporter-output>
  <suite started-at="2024-12-05T10:30:44 IST" name="Default suite" finished-at="2024-12-05T10:31:18 IST" duration-ms="34093">
    <groups>
    </groups>
    <test started-at="2024-12-05T10:30:44 IST" name="Default test" finished-at="2024-12-05T10:31:18 IST" duration-ms="34093">
      <class name="com.orangehrm.testcases.OrangeHRM_test">
        <test-method is-config="true" signature="emulatorSetup()[pri:0, instance:com.orangehrm.testcases.OrangeHRM_test@3bf7ca37]" started-at="2024-12-05T10:30:44 IST" name="emulatorSetup" finished-at="2024-12-05T10:30:54 IST" duration-ms="10277" status="PASS">
          <reporter-output>
          </reporter-output>
        </test-method> <!-- emulatorSetup -->
        <test-method signature="timeModule()[pri:0, instance:com.orangehrm.testcases.OrangeHRM_test@3bf7ca37]" started-at="2024-12-05T10:30:54 IST" name="timeModule" finished-at="2024-12-05T10:31:18 IST" duration-ms="23776" status="PASS">
          <reporter-output>
          </reporter-output>
        </test-method> <!-- timeModule -->
      </class> <!-- com.orangehrm.testcases.OrangeHRM_test -->
    </test> <!-- Default test -->
  </suite> <!-- Default suite -->
</testng-results>
